0 info it worked if it ends with ok
1 verbose cli [ '/opt/bitnami/nodejs/bin/.node.bin',
1 verbose cli   '/opt/bitnami/nodejs/bin/npm',
1 verbose cli   'start' ]
2 info using npm@3.10.10
3 info using node@v6.9.5
4 verbose run-script [ 'prestart', 'start', 'poststart' ]
5 info lifecycle cs462-final_project@1.0.0~prestart: cs462-final_project@1.0.0
6 silly lifecycle cs462-final_project@1.0.0~prestart: no script for prestart, continuing
7 info lifecycle cs462-final_project@1.0.0~start: cs462-final_project@1.0.0
8 verbose lifecycle cs462-final_project@1.0.0~start: unsafe-perm in lifecycle true
9 verbose lifecycle cs462-final_project@1.0.0~start: PATH: /opt/bitnami/nodejs/lib/node_modules/npm/bin/node-gyp-bin:/home/bitnami/CS462-Final_Project/accountServer/node_modules/.bin:/opt/bitnami/nodejs/bin:/opt/bitnami/git/bin:/opt/bitnami/mongodb/bin:/opt/bitnami/sqlite/bin:/opt/bitnami/php/bin:/opt/bitnami/python/bin:/opt/bitnami/apache2/bin:/opt/bitnami/common/bin:/opt/bitnami/nodejs/bin:/opt/bitnami/git/bin:/opt/bitnami/mongodb/bin:/opt/bitnami/sqlite/bin:/opt/bitnami/php/bin:/opt/bitnami/python/bin:/opt/bitnami/apache2/bin:/opt/bitnami/common/bin:/usr/local/sbin:/usr/local/bin:/usr/sbin:/usr/bin:/sbin:/bin:/usr/games:/usr/local/games
10 verbose lifecycle cs462-final_project@1.0.0~start: CWD: /home/bitnami/CS462-Final_Project/accountServer
11 silly lifecycle cs462-final_project@1.0.0~start: Args: [ '-c', 'node index.js' ]
12 silly lifecycle cs462-final_project@1.0.0~start: Returned: code: 1  signal: null
13 info lifecycle cs462-final_project@1.0.0~start: Failed to exec start script
14 verbose stack Error: cs462-final_project@1.0.0 start: `node index.js`
14 verbose stack Exit status 1
14 verbose stack     at EventEmitter.<anonymous> (/opt/bitnami/nodejs/lib/node_modules/npm/lib/utils/lifecycle.js:255:16)
14 verbose stack     at emitTwo (events.js:106:13)
14 verbose stack     at EventEmitter.emit (events.js:191:7)
14 verbose stack     at ChildProcess.<anonymous> (/opt/bitnami/nodejs/lib/node_modules/npm/lib/utils/spawn.js:40:14)
14 verbose stack     at emitTwo (events.js:106:13)
14 verbose stack     at ChildProcess.emit (events.js:191:7)
14 verbose stack     at maybeClose (internal/child_process.js:877:16)
14 verbose stack     at Process.ChildProcess._handle.onexit (internal/child_process.js:226:5)
15 verbose pkgid cs462-final_project@1.0.0
16 verbose cwd /home/bitnami/CS462-Final_Project/accountServer
17 error Linux 3.13.0-108-generic
18 error argv "/opt/bitnami/nodejs/bin/.node.bin" "/opt/bitnami/nodejs/bin/npm" "start"
19 error node v6.9.5
20 error npm  v3.10.10
21 error code ELIFECYCLE
22 error cs462-final_project@1.0.0 start: `node index.js`
22 error Exit status 1
23 error Failed at the cs462-final_project@1.0.0 start script 'node index.js'.
23 error Make sure you have the latest version of node.js and npm installed.
23 error If you do, this is most likely a problem with the cs462-final_project package,
23 error not with npm itself.
23 error Tell the author that this fails on your system:
23 error     node index.js
23 error You can get information on how to open an issue for this project with:
23 error     npm bugs cs462-final_project
23 error Or if that isn't available, you can get their info via:
23 error     npm owner ls cs462-final_project
23 error There is likely additional logging output above.
24 verbose exit [ 1, true ]
